#! /opt/homebrew/Cellar/icarus-verilog/12.0/bin/vvp
:ivl_version "12.0 (stable)";
:ivl_delay_selection "TYPICAL";
:vpi_time_precision + 0;
:vpi_module "/opt/homebrew/Cellar/icarus-verilog/12.0/lib/ivl/system.vpi";
:vpi_module "/opt/homebrew/Cellar/icarus-verilog/12.0/lib/ivl/vhdl_sys.vpi";
:vpi_module "/opt/homebrew/Cellar/icarus-verilog/12.0/lib/ivl/vhdl_textio.vpi";
:vpi_module "/opt/homebrew/Cellar/icarus-verilog/12.0/lib/ivl/v2005_math.vpi";
:vpi_module "/opt/homebrew/Cellar/icarus-verilog/12.0/lib/ivl/va_math.vpi";
S_0x149660240 .scope module, "tb_cache_controller" "tb_cache_controller" 2 218;
 .timescale 0 0;
v0x14968b2c0_0 .var "addr", 31 0;
v0x14968b390_0 .net "cache_write", 0 0, v0x149670e70_0;  1 drivers
v0x14968b420_0 .var "clk", 0 0;
v0x14968b4b0_0 .net "cpu_read_data", 31 0, L_0x1496974c0;  1 drivers
v0x14968b540_0 .var "cpu_write_data", 31 0;
v0x14968b610_0 .net "mem_addr", 31 0, L_0x149697f00;  1 drivers
v0x14968b6a0_0 .net "mem_read", 0 0, v0x14967b710_0;  1 drivers
v0x14968b770_0 .var "mem_read_data", 31 0;
v0x14968b800_0 .net "mem_write", 0 0, v0x14967b7f0_0;  1 drivers
v0x14968b910_0 .net "mem_write_data", 31 0, L_0x149699120;  1 drivers
v0x14968b9a0_0 .var "read_req", 0 0;
v0x14968ba70_0 .net "ready", 0 0, v0x14967baf0_0;  1 drivers
v0x14968bb40_0 .var "reset", 0 0;
v0x14968bbd0_0 .net "state_out", 2 0, L_0x149696220;  1 drivers
v0x14968bca0_0 .net "update_lru", 0 0, v0x14967bd80_0;  1 drivers
v0x14968bd70_0 .var "write_req", 0 0;
E_0x14962c7a0 .event posedge, v0x14967b520_0;
E_0x14961f3e0 .event anyedge, v0x14967baf0_0;
S_0x149641700 .scope module, "uut" "cache_controller" 2 237, 2 118 0, S_0x149660240;
 .timescale 0 0;
    .port_info 0 /INPUT 1 "clk";
    .port_info 1 /INPUT 1 "reset";
    .port_info 2 /INPUT 1 "read_req";
    .port_info 3 /INPUT 1 "write_req";
    .port_info 4 /INPUT 32 "addr";
    .port_info 5 /INPUT 32 "cpu_write_data";
    .port_info 6 /OUTPUT 32 "cpu_read_data";
    .port_info 7 /OUTPUT 1 "ready";
    .port_info 8 /OUTPUT 1 "mem_read";
    .port_info 9 /OUTPUT 1 "mem_write";
    .port_info 10 /OUTPUT 1 "cache_write";
    .port_info 11 /OUTPUT 1 "update_lru";
    .port_info 12 /OUTPUT 3 "state_out";
    .port_info 13 /OUTPUT 32 "mem_addr";
    .port_info 14 /OUTPUT 32 "mem_write_data";
    .port_info 15 /INPUT 32 "mem_read_data";
L_0x14968cba0 .functor AND 1, L_0x14968c0e0, L_0x14968cac0, C4<1>, C4<1>;
L_0x14968dc50 .functor AND 1, L_0x14968cc90, L_0x14968daa0, C4<1>, C4<1>;
L_0x14968dcc0 .functor OR 1, L_0x14968cba0, L_0x14968dc50, C4<0>, C4<0>;
L_0x14968ed80 .functor AND 1, L_0x14968dd70, L_0x14968e930, C4<1>, C4<1>;
L_0x14968edf0 .functor OR 1, L_0x14968dcc0, L_0x14968ed80, C4<0>, C4<0>;
L_0x14968fb80 .functor AND 1, L_0x14968eee0, L_0x14968fd10, C4<1>, C4<1>;
L_0x14968fc70 .functor OR 1, L_0x14968edf0, L_0x14968fb80, C4<0>, C4<0>;
L_0x1496906a0 .functor AND 1, L_0x149690090, L_0x1496905c0, C4<1>, C4<1>;
L_0x149691a90 .functor AND 1, L_0x149690bf0, L_0x149691530, C4<1>, C4<1>;
L_0x149692b90 .functor AND 1, L_0x149691bd0, L_0x1496929b0, C4<1>, C4<1>;
L_0x1496936e0 .functor AND 1, L_0x149692c00, L_0x149693600, C4<1>, C4<1>;
L_0x149694080 .functor NOT 1, v0x14968bb40_0, C4<0>, C4<0>, C4<0>;
L_0x149694130 .functor NOT 1, v0x14968bb40_0, C4<0>, C4<0>, C4<0>;
L_0x1496942b0 .functor NOT 1, v0x14968bb40_0, C4<0>, C4<0>, C4<0>;
L_0x149693f20 .functor BUFZ 2, L_0x149693da0, C4<00>, C4<00>, C4<00>;
L_0x149695a40 .functor AND 1, L_0x149694820, L_0x149695120, C4<1>, C4<1>;
L_0x1496960a0 .functor BUFZ 1, L_0x149695b70, C4<0>, C4<0>, C4<0>;
L_0x149694780 .functor NOT 1, v0x14968bb40_0, C4<0>, C4<0>, C4<0>;
L_0x149696290 .functor AND 1, v0x14967c340_0, v0x14968b9a0_0, C4<1>, C4<1>;
L_0x149699120 .functor BUFZ 32, L_0x149698060, C4<00000000000000000000000000000000>, C4<00000000000000000000000000000000>, C4<00000000000000000000000000000000>;
L_0x150078400 .functor BUFT 1, C4<00000>, C4<0>, C4<0>, C4<0>;
v0x14967d000_0 .net *"_ivl_101", 4 0, L_0x150078400;  1 drivers
v0x14967d0c0_0 .net *"_ivl_102", 13 0, L_0x14968db80;  1 drivers
L_0x150078448 .functor BUFT 1, C4<00>, C4<0>, C4<0>, C4<0>;
v0x14967d160_0 .net *"_ivl_105", 1 0, L_0x150078448;  1 drivers
L_0x150078490 .functor BUFT 1, C4<00000000000100>, C4<0>, C4<0>, C4<0>;
v0x14967d210_0 .net/2u *"_ivl_106", 13 0, L_0x150078490;  1 drivers
v0x14967d2c0_0 .net *"_ivl_109", 13 0, L_0x14968e1b0;  1 drivers
L_0x150078010 .functor BUFT 1, C4<00000>, C4<0>, C4<0>, C4<0>;
v0x14967d3b0_0 .net *"_ivl_11", 4 0, L_0x150078010;  1 drivers
L_0x1500784d8 .functor BUFT 1, C4<0>, C4<0>, C4<0>, C4<0>;
v0x14967d460_0 .net *"_ivl_114", 0 0, L_0x1500784d8;  1 drivers
v0x14967d510_0 .net *"_ivl_115", 14 0, L_0x14968e340;  1 drivers
L_0x15007a0b0 .functor BUFT 1, C4<000000000000010>, C4<0>, C4<0>, C4<0>;
v0x14967d5c0_0 .net/2u *"_ivl_119", 14 0, L_0x15007a0b0;  1 drivers
v0x14967d6d0_0 .net *"_ivl_12", 13 0, L_0x14968c2f0;  1 drivers
v0x14967d780_0 .net *"_ivl_120", 14 0, L_0x14968e3e0;  1 drivers
v0x14967d830_0 .net *"_ivl_122", 18 0, L_0x14968e5c0;  1 drivers
v0x14967d8e0_0 .net *"_ivl_124", 11 0, L_0x14968e250;  1 drivers
L_0x150078520 .functor BUFT 1, C4<00000>, C4<0>, C4<0>, C4<0>;
v0x14967d990_0 .net *"_ivl_127", 4 0, L_0x150078520;  1 drivers
v0x14967da40_0 .net *"_ivl_128", 13 0, L_0x14968e500;  1 drivers
L_0x150078568 .functor BUFT 1, C4<00>, C4<0>, C4<0>, C4<0>;
v0x14967daf0_0 .net *"_ivl_131", 1 0, L_0x150078568;  1 drivers
L_0x1500785b0 .functor BUFT 1, C4<00000000000100>, C4<0>, C4<0>, C4<0>;
v0x14967dba0_0 .net/2u *"_ivl_132", 13 0, L_0x1500785b0;  1 drivers
v0x14967dd30_0 .net *"_ivl_135", 13 0, L_0x14968e7f0;  1 drivers
L_0x1500785f8 .functor BUFT 1, C4<0>, C4<0>, C4<0>, C4<0>;
v0x14967ddc0_0 .net *"_ivl_140", 0 0, L_0x1500785f8;  1 drivers
v0x14967de70_0 .net *"_ivl_141", 14 0, L_0x14968e660;  1 drivers
L_0x15007a0f8 .functor BUFT 1, C4<000000000000010>, C4<0>, C4<0>, C4<0>;
v0x14967df20_0 .net/2u *"_ivl_145", 14 0, L_0x15007a0f8;  1 drivers
v0x14967dfd0_0 .net *"_ivl_146", 14 0, L_0x14968ea90;  1 drivers
v0x14967e080_0 .net *"_ivl_148", 0 0, L_0x14968e930;  1 drivers
L_0x150078058 .functor BUFT 1, C4<00>, C4<0>, C4<0>, C4<0>;
v0x14967e120_0 .net *"_ivl_15", 1 0, L_0x150078058;  1 drivers
v0x14967e1d0_0 .net *"_ivl_151", 0 0, L_0x14968ed80;  1 drivers
v0x14967e270_0 .net *"_ivl_153", 0 0, L_0x14968edf0;  1 drivers
v0x14967e310_0 .net *"_ivl_154", 0 0, L_0x14968eee0;  1 drivers
v0x14967e3c0_0 .net *"_ivl_156", 11 0, L_0x14968ebd0;  1 drivers
L_0x150078640 .functor BUFT 1, C4<00000>, C4<0>, C4<0>, C4<0>;
v0x14967e470_0 .net *"_ivl_159", 4 0, L_0x150078640;  1 drivers
L_0x1500780a0 .functor BUFT 1, C4<00000000000100>, C4<0>, C4<0>, C4<0>;
v0x14967e520_0 .net/2u *"_ivl_16", 13 0, L_0x1500780a0;  1 drivers
v0x14967e5d0_0 .net *"_ivl_160", 13 0, L_0x14968f1c0;  1 drivers
L_0x150078688 .functor BUFT 1, C4<00>, C4<0>, C4<0>, C4<0>;
v0x14967e680_0 .net *"_ivl_163", 1 0, L_0x150078688;  1 drivers
L_0x1500786d0 .functor BUFT 1, C4<00000000000100>, C4<0>, C4<0>, C4<0>;
v0x14967e730_0 .net/2u *"_ivl_164", 13 0, L_0x1500786d0;  1 drivers
v0x14967dc50_0 .net *"_ivl_167", 13 0, L_0x14968ef80;  1 drivers
L_0x150078718 .functor BUFT 1, C4<0>, C4<0>, C4<0>, C4<0>;
v0x14967e9c0_0 .net *"_ivl_172", 0 0, L_0x150078718;  1 drivers
v0x14967ea50_0 .net *"_ivl_173", 14 0, L_0x14968f3b0;  1 drivers
L_0x15007a140 .functor BUFT 1, C4<000000000000011>, C4<0>, C4<0>, C4<0>;
v0x14967eaf0_0 .net/2u *"_ivl_177", 14 0, L_0x15007a140;  1 drivers
v0x14967eba0_0 .net *"_ivl_178", 14 0, L_0x14968f2a0;  1 drivers
v0x14967ec50_0 .net *"_ivl_180", 18 0, L_0x14968f630;  1 drivers
v0x14967ed00_0 .net *"_ivl_182", 11 0, L_0x14968f490;  1 drivers
L_0x150078760 .functor BUFT 1, C4<00000>, C4<0>, C4<0>, C4<0>;
v0x14967edb0_0 .net *"_ivl_185", 4 0, L_0x150078760;  1 drivers
v0x14967ee60_0 .net *"_ivl_186", 13 0, L_0x14968f840;  1 drivers
L_0x1500787a8 .functor BUFT 1, C4<00>, C4<0>, C4<0>, C4<0>;
v0x14967ef10_0 .net *"_ivl_189", 1 0, L_0x1500787a8;  1 drivers
v0x14967efc0_0 .net *"_ivl_19", 13 0, L_0x14968c430;  1 drivers
L_0x1500787f0 .functor BUFT 1, C4<00000000000100>, C4<0>, C4<0>, C4<0>;
v0x14967f070_0 .net/2u *"_ivl_190", 13 0, L_0x1500787f0;  1 drivers
v0x14967f120_0 .net *"_ivl_193", 13 0, L_0x14968f710;  1 drivers
L_0x150078838 .functor BUFT 1, C4<0>, C4<0>, C4<0>, C4<0>;
v0x14967f1d0_0 .net *"_ivl_198", 0 0, L_0x150078838;  1 drivers
v0x14967f280_0 .net *"_ivl_199", 14 0, L_0x14968faa0;  1 drivers
v0x14967f330_0 .net *"_ivl_20", 18 0, L_0x14968c5d0;  1 drivers
L_0x15007a188 .functor BUFT 1, C4<000000000000011>, C4<0>, C4<0>, C4<0>;
v0x14967f3e0_0 .net/2u *"_ivl_203", 14 0, L_0x15007a188;  1 drivers
v0x14967f490_0 .net *"_ivl_204", 14 0, L_0x14968f960;  1 drivers
v0x14967f540_0 .net *"_ivl_206", 0 0, L_0x14968fd10;  1 drivers
v0x14967f5e0_0 .net *"_ivl_209", 0 0, L_0x14968fb80;  1 drivers
v0x14967f680_0 .net *"_ivl_212", 0 0, L_0x149690090;  1 drivers
v0x14967f730_0 .net *"_ivl_214", 11 0, L_0x149690130;  1 drivers
L_0x150078880 .functor BUFT 1, C4<00000>, C4<0>, C4<0>, C4<0>;
v0x14967f7e0_0 .net *"_ivl_217", 4 0, L_0x150078880;  1 drivers
v0x14967f890_0 .net *"_ivl_218", 13 0, L_0x14968fe30;  1 drivers
v0x14967f940_0 .net *"_ivl_22", 11 0, L_0x14968c670;  1 drivers
L_0x1500788c8 .functor BUFT 1, C4<00>, C4<0>, C4<0>, C4<0>;
v0x14967f9f0_0 .net *"_ivl_221", 1 0, L_0x1500788c8;  1 drivers
L_0x150078910 .functor BUFT 1, C4<00000000000100>, C4<0>, C4<0>, C4<0>;
v0x14967faa0_0 .net/2u *"_ivl_222", 13 0, L_0x150078910;  1 drivers
v0x14967fb50_0 .net *"_ivl_225", 13 0, L_0x14968e0b0;  1 drivers
v0x14967fc00_0 .net *"_ivl_226", 18 0, L_0x1496901d0;  1 drivers
v0x14967fcb0_0 .net *"_ivl_228", 11 0, L_0x149690270;  1 drivers
L_0x150078958 .functor BUFT 1, C4<00000>, C4<0>, C4<0>, C4<0>;
v0x14967fd60_0 .net *"_ivl_231", 4 0, L_0x150078958;  1 drivers
v0x14967fe10_0 .net *"_ivl_232", 13 0, L_0x149690790;  1 drivers
L_0x1500789a0 .functor BUFT 1, C4<00>, C4<0>, C4<0>, C4<0>;
v0x14967e7e0_0 .net *"_ivl_235", 1 0, L_0x1500789a0;  1 drivers
L_0x1500789e8 .functor BUFT 1, C4<00000000000100>, C4<0>, C4<0>, C4<0>;
v0x14967e890_0 .net/2u *"_ivl_236", 13 0, L_0x1500789e8;  1 drivers
v0x14967fea0_0 .net *"_ivl_239", 13 0, L_0x1496908b0;  1 drivers
v0x14967ff30_0 .net *"_ivl_240", 0 0, L_0x1496905c0;  1 drivers
v0x14967ffc0_0 .net *"_ivl_243", 0 0, L_0x1496906a0;  1 drivers
L_0x150078a30 .functor BUFT 1, C4<00>, C4<0>, C4<0>, C4<0>;
v0x149680050_0 .net/2u *"_ivl_244", 1 0, L_0x150078a30;  1 drivers
v0x1496800e0_0 .net *"_ivl_246", 0 0, L_0x149690bf0;  1 drivers
v0x149680170_0 .net *"_ivl_248", 11 0, L_0x149690a10;  1 drivers
L_0x1500780e8 .functor BUFT 1, C4<00000>, C4<0>, C4<0>, C4<0>;
v0x149680220_0 .net *"_ivl_25", 4 0, L_0x1500780e8;  1 drivers
L_0x150078a78 .functor BUFT 1, C4<00000>, C4<0>, C4<0>, C4<0>;
v0x1496802d0_0 .net *"_ivl_251", 4 0, L_0x150078a78;  1 drivers
v0x149680380_0 .net *"_ivl_252", 13 0, L_0x149690b30;  1 drivers
L_0x150078ac0 .functor BUFT 1, C4<00>, C4<0>, C4<0>, C4<0>;
v0x149680430_0 .net *"_ivl_255", 1 0, L_0x150078ac0;  1 drivers
L_0x150078b08 .functor BUFT 1, C4<00000000000100>, C4<0>, C4<0>, C4<0>;
v0x1496804e0_0 .net/2u *"_ivl_256", 13 0, L_0x150078b08;  1 drivers
v0x149680590_0 .net *"_ivl_259", 13 0, L_0x149690cd0;  1 drivers
v0x149680640_0 .net *"_ivl_26", 13 0, L_0x14968c780;  1 drivers
L_0x150078b50 .functor BUFT 1, C4<0>, C4<0>, C4<0>, C4<0>;
v0x1496806f0_0 .net *"_ivl_264", 0 0, L_0x150078b50;  1 drivers
v0x1496807a0_0 .net *"_ivl_265", 14 0, L_0x1496910c0;  1 drivers
L_0x15007a1d0 .functor BUFT 1, C4<000000000000001>, C4<0>, C4<0>, C4<0>;
v0x149680850_0 .net/2u *"_ivl_269", 14 0, L_0x15007a1d0;  1 drivers
v0x149680900_0 .net *"_ivl_270", 14 0, L_0x149690f00;  1 drivers
v0x1496809b0_0 .net *"_ivl_272", 18 0, L_0x149691370;  1 drivers
v0x149680a60_0 .net *"_ivl_274", 11 0, L_0x149691160;  1 drivers
L_0x150078b98 .functor BUFT 1, C4<00000>, C4<0>, C4<0>, C4<0>;
v0x149680b10_0 .net *"_ivl_277", 4 0, L_0x150078b98;  1 drivers
v0x149680bc0_0 .net *"_ivl_278", 13 0, L_0x149691200;  1 drivers
L_0x150078be0 .functor BUFT 1, C4<00>, C4<0>, C4<0>, C4<0>;
v0x149680c70_0 .net *"_ivl_281", 1 0, L_0x150078be0;  1 drivers
L_0x150078c28 .functor BUFT 1, C4<00000000000100>, C4<0>, C4<0>, C4<0>;
v0x149680d20_0 .net/2u *"_ivl_282", 13 0, L_0x150078c28;  1 drivers
v0x149680dd0_0 .net *"_ivl_285", 13 0, L_0x149691640;  1 drivers
L_0x150078130 .functor BUFT 1, C4<00>, C4<0>, C4<0>, C4<0>;
v0x149680e80_0 .net *"_ivl_29", 1 0, L_0x150078130;  1 drivers
L_0x150078c70 .functor BUFT 1, C4<0>, C4<0>, C4<0>, C4<0>;
v0x149680f30_0 .net *"_ivl_290", 0 0, L_0x150078c70;  1 drivers
v0x149680fe0_0 .net *"_ivl_291", 14 0, L_0x149691760;  1 drivers
L_0x15007a218 .functor BUFT 1, C4<000000000000001>, C4<0>, C4<0>, C4<0>;
v0x149681090_0 .net/2u *"_ivl_295", 14 0, L_0x15007a218;  1 drivers
v0x149681140_0 .net *"_ivl_296", 14 0, L_0x149691450;  1 drivers
v0x1496811f0_0 .net *"_ivl_298", 0 0, L_0x149691530;  1 drivers
L_0x150078178 .functor BUFT 1, C4<00000000000100>, C4<0>, C4<0>, C4<0>;
v0x149681290_0 .net/2u *"_ivl_30", 13 0, L_0x150078178;  1 drivers
v0x149681340_0 .net *"_ivl_301", 0 0, L_0x149691a90;  1 drivers
L_0x150078cb8 .functor BUFT 1, C4<01>, C4<0>, C4<0>, C4<0>;
v0x1496813e0_0 .net/2u *"_ivl_302", 1 0, L_0x150078cb8;  1 drivers
v0x149681490_0 .net *"_ivl_304", 0 0, L_0x149691bd0;  1 drivers
v0x149681540_0 .net *"_ivl_306", 11 0, L_0x149691c70;  1 drivers
L_0x150078d00 .functor BUFT 1, C4<00000>, C4<0>, C4<0>, C4<0>;
v0x1496815f0_0 .net *"_ivl_309", 4 0, L_0x150078d00;  1 drivers
v0x1496816a0_0 .net *"_ivl_310", 13 0, L_0x149691880;  1 drivers
L_0x150078d48 .functor BUFT 1, C4<00>, C4<0>, C4<0>, C4<0>;
v0x149681750_0 .net *"_ivl_313", 1 0, L_0x150078d48;  1 drivers
L_0x150078d90 .functor BUFT 1, C4<00000000000100>, C4<0>, C4<0>, C4<0>;
v0x149681800_0 .net/2u *"_ivl_314", 13 0, L_0x150078d90;  1 drivers
v0x1496818b0_0 .net *"_ivl_317", 13 0, L_0x1496919c0;  1 drivers
L_0x150078dd8 .functor BUFT 1, C4<0>, C4<0>, C4<0>, C4<0>;
v0x149681960_0 .net *"_ivl_322", 0 0, L_0x150078dd8;  1 drivers
v0x149681a10_0 .net *"_ivl_323", 14 0, L_0x149691d50;  1 drivers
L_0x15007a260 .functor BUFT 1, C4<000000000000010>, C4<0>, C4<0>, C4<0>;
v0x149681ac0_0 .net/2u *"_ivl_327", 14 0, L_0x15007a260;  1 drivers
v0x149681b70_0 .net *"_ivl_328", 14 0, L_0x149691e70;  1 drivers
v0x149681c20_0 .net *"_ivl_33", 13 0, L_0x14968c900;  1 drivers
v0x149681cd0_0 .net *"_ivl_330", 18 0, L_0x1496922b0;  1 drivers
v0x149681d80_0 .net *"_ivl_332", 11 0, L_0x149692350;  1 drivers
L_0x150078e20 .functor BUFT 1, C4<00000>, C4<0>, C4<0>, C4<0>;
v0x149681e30_0 .net *"_ivl_335", 4 0, L_0x150078e20;  1 drivers
v0x149681ee0_0 .net *"_ivl_336", 13 0, L_0x149692070;  1 drivers
L_0x150078e68 .functor BUFT 1, C4<00>, C4<0>, C4<0>, C4<0>;
v0x149681f90_0 .net *"_ivl_339", 1 0, L_0x150078e68;  1 drivers
v0x149682040_0 .net *"_ivl_34", 0 0, L_0x14968cac0;  1 drivers
L_0x150078eb0 .functor BUFT 1, C4<00000000000100>, C4<0>, C4<0>, C4<0>;
v0x1496820e0_0 .net/2u *"_ivl_340", 13 0, L_0x150078eb0;  1 drivers
v0x149682190_0 .net *"_ivl_343", 13 0, L_0x1496921b0;  1 drivers
L_0x150078ef8 .functor BUFT 1, C4<0>, C4<0>, C4<0>, C4<0>;
v0x149682240_0 .net *"_ivl_348", 0 0, L_0x150078ef8;  1 drivers
v0x1496822f0_0 .net *"_ivl_349", 14 0, L_0x149692430;  1 drivers
L_0x15007a2a8 .functor BUFT 1, C4<000000000000010>, C4<0>, C4<0>, C4<0>;
v0x1496823a0_0 .net/2u *"_ivl_353", 14 0, L_0x15007a2a8;  1 drivers
v0x149682450_0 .net *"_ivl_354", 14 0, L_0x149692550;  1 drivers
v0x149682500_0 .net *"_ivl_356", 0 0, L_0x1496929b0;  1 drivers
v0x1496825a0_0 .net *"_ivl_359", 0 0, L_0x149692b90;  1 drivers
L_0x150078f40 .functor BUFT 1, C4<10>, C4<0>, C4<0>, C4<0>;
v0x149682640_0 .net/2u *"_ivl_360", 1 0, L_0x150078f40;  1 drivers
v0x1496826f0_0 .net *"_ivl_362", 0 0, L_0x149692c00;  1 drivers
v0x1496827a0_0 .net *"_ivl_364", 11 0, L_0x149692700;  1 drivers
L_0x150078f88 .functor BUFT 1, C4<00000>, C4<0>, C4<0>, C4<0>;
v0x149682850_0 .net *"_ivl_367", 4 0, L_0x150078f88;  1 drivers
v0x149682900_0 .net *"_ivl_368", 13 0, L_0x14968f120;  1 drivers
v0x1496829b0_0 .net *"_ivl_37", 0 0, L_0x14968cba0;  1 drivers
L_0x150078fd0 .functor BUFT 1, C4<00>, C4<0>, C4<0>, C4<0>;
v0x149682a50_0 .net *"_ivl_371", 1 0, L_0x150078fd0;  1 drivers
L_0x150079018 .functor BUFT 1, C4<00000000000100>, C4<0>, C4<0>, C4<0>;
v0x149682b00_0 .net/2u *"_ivl_372", 13 0, L_0x150079018;  1 drivers
v0x149682bb0_0 .net *"_ivl_375", 13 0, L_0x149692860;  1 drivers
v0x149682c60_0 .net *"_ivl_38", 0 0, L_0x14968cc90;  1 drivers
L_0x150079060 .functor BUFT 1, C4<0>, C4<0>, C4<0>, C4<0>;
v0x149682d10_0 .net *"_ivl_380", 0 0, L_0x150079060;  1 drivers
v0x149682dc0_0 .net *"_ivl_381", 14 0, L_0x149692ca0;  1 drivers
L_0x15007a2f0 .functor BUFT 1, C4<000000000000011>, C4<0>, C4<0>, C4<0>;
v0x149682e70_0 .net/2u *"_ivl_385", 14 0, L_0x15007a2f0;  1 drivers
v0x149682f20_0 .net *"_ivl_386", 14 0, L_0x149692dc0;  1 drivers
v0x149682fd0_0 .net *"_ivl_388", 18 0, L_0x149693440;  1 drivers
v0x149683080_0 .net *"_ivl_390", 11 0, L_0x149693160;  1 drivers
L_0x1500790a8 .functor BUFT 1, C4<00000>, C4<0>, C4<0>, C4<0>;
v0x149683130_0 .net *"_ivl_393", 4 0, L_0x1500790a8;  1 drivers
v0x1496831e0_0 .net *"_ivl_394", 13 0, L_0x149693240;  1 drivers
L_0x1500790f0 .functor BUFT 1, C4<00>, C4<0>, C4<0>, C4<0>;
v0x149683290_0 .net *"_ivl_397", 1 0, L_0x1500790f0;  1 drivers
L_0x150079138 .functor BUFT 1, C4<00000000000100>, C4<0>, C4<0>, C4<0>;
v0x149683340_0 .net/2u *"_ivl_398", 13 0, L_0x150079138;  1 drivers
v0x1496833f0_0 .net *"_ivl_40", 11 0, L_0x14968cda0;  1 drivers
v0x1496834a0_0 .net *"_ivl_401", 13 0, L_0x149693360;  1 drivers
L_0x150079180 .functor BUFT 1, C4<0>, C4<0>, C4<0>, C4<0>;
v0x149683550_0 .net *"_ivl_406", 0 0, L_0x150079180;  1 drivers
v0x149683600_0 .net *"_ivl_407", 14 0, L_0x149693860;  1 drivers
L_0x15007a338 .functor BUFT 1, C4<000000000000011>, C4<0>, C4<0>, C4<0>;
v0x1496836b0_0 .net/2u *"_ivl_411", 14 0, L_0x15007a338;  1 drivers
v0x149683760_0 .net *"_ivl_412", 14 0, L_0x149693520;  1 drivers
v0x149683810_0 .net *"_ivl_414", 0 0, L_0x149693600;  1 drivers
v0x1496838b0_0 .net *"_ivl_417", 0 0, L_0x1496936e0;  1 drivers
L_0x1500791c8 .functor BUFT 1, C4<11>, C4<0>, C4<0>, C4<0>;
v0x149683950_0 .net/2u *"_ivl_418", 1 0, L_0x1500791c8;  1 drivers
L_0x150079210 .functor BUFT 1, C4<00>, C4<0>, C4<0>, C4<0>;
v0x149683a00_0 .net/2u *"_ivl_420", 1 0, L_0x150079210;  1 drivers
v0x149683ab0_0 .net *"_ivl_422", 1 0, L_0x149690370;  1 drivers
v0x149683b60_0 .net *"_ivl_424", 1 0, L_0x149690490;  1 drivers
v0x149683c10_0 .net *"_ivl_426", 1 0, L_0x1496939c0;  1 drivers
L_0x1500781c0 .functor BUFT 1, C4<00000>, C4<0>, C4<0>, C4<0>;
v0x149683cc0_0 .net *"_ivl_43", 4 0, L_0x1500781c0;  1 drivers
v0x149683d70_0 .net *"_ivl_44", 13 0, L_0x14968cec0;  1 drivers
v0x149683e20_0 .net *"_ivl_445", 1 0, L_0x149693da0;  1 drivers
v0x149683ed0_0 .net *"_ivl_447", 8 0, L_0x149693e40;  1 drivers
L_0x150079258 .functor BUFT 1, C4<00>, C4<0>, C4<0>, C4<0>;
v0x149683f80_0 .net *"_ivl_450", 1 0, L_0x150079258;  1 drivers
v0x149684030_0 .net *"_ivl_453", 0 0, L_0x149694820;  1 drivers
v0x1496840e0_0 .net *"_ivl_455", 11 0, L_0x149694440;  1 drivers
L_0x1500792a0 .functor BUFT 1, C4<00000>, C4<0>, C4<0>, C4<0>;
v0x149684190_0 .net *"_ivl_458", 4 0, L_0x1500792a0;  1 drivers
v0x149684240_0 .net *"_ivl_459", 13 0, L_0x1496944e0;  1 drivers
L_0x1500792e8 .functor BUFT 1, C4<00>, C4<0>, C4<0>, C4<0>;
v0x1496842f0_0 .net *"_ivl_462", 1 0, L_0x1500792e8;  1 drivers
L_0x150079330 .functor BUFT 1, C4<00000000000100>, C4<0>, C4<0>, C4<0>;
v0x1496843a0_0 .net/2u *"_ivl_463", 13 0, L_0x150079330;  1 drivers
v0x149684450_0 .net *"_ivl_466", 13 0, L_0x149694600;  1 drivers
v0x149684500_0 .net *"_ivl_467", 3 0, L_0x149694c40;  1 drivers
L_0x150078208 .functor BUFT 1, C4<00>, C4<0>, C4<0>, C4<0>;
v0x1496845b0_0 .net *"_ivl_47", 1 0, L_0x150078208;  1 drivers
L_0x150079378 .functor BUFT 1, C4<00>, C4<0>, C4<0>, C4<0>;
v0x149684660_0 .net *"_ivl_470", 1 0, L_0x150079378;  1 drivers
L_0x1500793c0 .functor BUFT 1, C4<0>, C4<0>, C4<0>, C4<0>;
v0x149684710_0 .net *"_ivl_473", 0 0, L_0x1500793c0;  1 drivers
v0x1496847c0_0 .net *"_ivl_474", 14 0, L_0x149694900;  1 drivers
L_0x150079408 .functor BUFT 1, C4<00000000000>, C4<0>, C4<0>, C4<0>;
v0x149684870_0 .net *"_ivl_477", 10 0, L_0x150079408;  1 drivers
v0x149684920_0 .net *"_ivl_478", 14 0, L_0x149694a20;  1 drivers
v0x1496849d0_0 .net *"_ivl_479", 14 0, L_0x149694b60;  1 drivers
L_0x150078250 .functor BUFT 1, C4<00000000000100>, C4<0>, C4<0>, C4<0>;
v0x149684a80_0 .net/2u *"_ivl_48", 13 0, L_0x150078250;  1 drivers
v0x149684b30_0 .net *"_ivl_481", 0 0, L_0x149695120;  1 drivers
v0x149684be0_0 .net *"_ivl_483", 11 0, L_0x149694ce0;  1 drivers
L_0x150079450 .functor BUFT 1, C4<00000>, C4<0>, C4<0>, C4<0>;
v0x149684c90_0 .net *"_ivl_486", 4 0, L_0x150079450;  1 drivers
v0x149684d40_0 .net *"_ivl_487", 13 0, L_0x149694dc0;  1 drivers
L_0x150079498 .functor BUFT 1, C4<00>, C4<0>, C4<0>, C4<0>;
v0x149684df0_0 .net *"_ivl_490", 1 0, L_0x150079498;  1 drivers
L_0x1500794e0 .functor BUFT 1, C4<00000000000100>, C4<0>, C4<0>, C4<0>;
v0x149684ea0_0 .net/2u *"_ivl_491", 13 0, L_0x1500794e0;  1 drivers
v0x149684f50_0 .net *"_ivl_494", 13 0, L_0x149694f00;  1 drivers
v0x149685000_0 .net *"_ivl_495", 3 0, L_0x149695580;  1 drivers
L_0x150079528 .functor BUFT 1, C4<00>, C4<0>, C4<0>, C4<0>;
v0x1496850b0_0 .net *"_ivl_498", 1 0, L_0x150079528;  1 drivers
L_0x150079570 .functor BUFT 1, C4<0>, C4<0>, C4<0>, C4<0>;
v0x149685160_0 .net *"_ivl_501", 0 0, L_0x150079570;  1 drivers
v0x149685210_0 .net *"_ivl_502", 14 0, L_0x149695200;  1 drivers
L_0x1500795b8 .functor BUFT 1, C4<00000000000>, C4<0>, C4<0>, C4<0>;
v0x1496852c0_0 .net *"_ivl_505", 10 0, L_0x1500795b8;  1 drivers
v0x149685370_0 .net *"_ivl_506", 14 0, L_0x149695320;  1 drivers
v0x149685420_0 .net *"_ivl_507", 14 0, L_0x149695460;  1 drivers
v0x1496854d0_0 .net *"_ivl_51", 13 0, L_0x14968d0a0;  1 drivers
v0x149685580_0 .net *"_ivl_511", 0 0, L_0x149695b70;  1 drivers
v0x149685630_0 .net *"_ivl_513", 11 0, L_0x149695620;  1 drivers
L_0x150079600 .functor BUFT 1, C4<00000>, C4<0>, C4<0>, C4<0>;
v0x1496856e0_0 .net *"_ivl_516", 4 0, L_0x150079600;  1 drivers
v0x149685790_0 .net *"_ivl_517", 13 0, L_0x149695700;  1 drivers
L_0x150079648 .functor BUFT 1, C4<00>, C4<0>, C4<0>, C4<0>;
v0x149685840_0 .net *"_ivl_520", 1 0, L_0x150079648;  1 drivers
L_0x150079690 .functor BUFT 1, C4<00000000000100>, C4<0>, C4<0>, C4<0>;
v0x1496858f0_0 .net/2u *"_ivl_521", 13 0, L_0x150079690;  1 drivers
v0x1496859a0_0 .net *"_ivl_524", 13 0, L_0x149695820;  1 drivers
v0x149685a50_0 .net *"_ivl_525", 3 0, L_0x149695960;  1 drivers
L_0x1500796d8 .functor BUFT 1, C4<00>, C4<0>, C4<0>, C4<0>;
v0x149685b00_0 .net *"_ivl_528", 1 0, L_0x1500796d8;  1 drivers
L_0x150079720 .functor BUFT 1, C4<0>, C4<0>, C4<0>, C4<0>;
v0x149685bb0_0 .net *"_ivl_531", 0 0, L_0x150079720;  1 drivers
v0x149685c60_0 .net *"_ivl_532", 14 0, L_0x149695cb0;  1 drivers
L_0x150079768 .functor BUFT 1, C4<00000000000>, C4<0>, C4<0>, C4<0>;
v0x149685d10_0 .net *"_ivl_535", 10 0, L_0x150079768;  1 drivers
v0x149685dc0_0 .net *"_ivl_536", 14 0, L_0x149695df0;  1 drivers
v0x149685e70_0 .net *"_ivl_537", 14 0, L_0x149695f30;  1 drivers
v0x149685f20_0 .net *"_ivl_544", 0 0, L_0x149696290;  1 drivers
v0x149685fc0_0 .net *"_ivl_545", 31 0, L_0x1496963a0;  1 drivers
v0x149686070_0 .net *"_ivl_547", 15 0, L_0x149696440;  1 drivers
L_0x1500797b0 .functor BUFT 1, C4<000000000>, C4<0>, C4<0>, C4<0>;
v0x149686120_0 .net *"_ivl_550", 8 0, L_0x1500797b0;  1 drivers
v0x1496861d0_0 .net *"_ivl_551", 21 0, L_0x149696520;  1 drivers
L_0x1500797f8 .functor BUFT 1, C4<000000>, C4<0>, C4<0>, C4<0>;
v0x149686280_0 .net *"_ivl_554", 5 0, L_0x1500797f8;  1 drivers
L_0x150079840 .functor BUFT 1, C4<0000000000000001000000>, C4<0>, C4<0>, C4<0>;
v0x149686330_0 .net/2u *"_ivl_555", 21 0, L_0x150079840;  1 drivers
v0x1496863e0_0 .net *"_ivl_558", 21 0, L_0x149696660;  1 drivers
v0x149686490_0 .net *"_ivl_559", 8 0, L_0x1496967a0;  1 drivers
L_0x150078298 .functor BUFT 1, C4<0>, C4<0>, C4<0>, C4<0>;
v0x149686540_0 .net *"_ivl_56", 0 0, L_0x150078298;  1 drivers
L_0x150079888 .functor BUFT 1, C4<0000000>, C4<0>, C4<0>, C4<0>;
v0x1496865f0_0 .net *"_ivl_562", 6 0, L_0x150079888;  1 drivers
v0x1496866a0_0 .net *"_ivl_563", 12 0, L_0x1496968c0;  1 drivers
L_0x1500798d0 .functor BUFT 1, C4<0000>, C4<0>, C4<0>, C4<0>;
v0x149686750_0 .net *"_ivl_566", 3 0, L_0x1500798d0;  1 drivers
L_0x150079918 .functor BUFT 1, C4<0000000010000>, C4<0>, C4<0>, C4<0>;
v0x149686800_0 .net/2u *"_ivl_567", 12 0, L_0x150079918;  1 drivers
v0x1496868b0_0 .net *"_ivl_57", 14 0, L_0x14968d140;  1 drivers
v0x149686960_0 .net *"_ivl_570", 12 0, L_0x149696a00;  1 drivers
L_0x150079960 .functor BUFT 1, C4<0>, C4<0>, C4<0>, C4<0>;
v0x149686a10_0 .net *"_ivl_573", 0 0, L_0x150079960;  1 drivers
v0x149686ac0_0 .net *"_ivl_574", 22 0, L_0x149696b40;  1 drivers
L_0x1500799a8 .functor BUFT 1, C4<0000000000>, C4<0>, C4<0>, C4<0>;
v0x149686b70_0 .net *"_ivl_577", 9 0, L_0x1500799a8;  1 drivers
v0x149686c20_0 .net *"_ivl_578", 22 0, L_0x149696c60;  1 drivers
v0x149686cd0_0 .net *"_ivl_579", 22 0, L_0x149696da0;  1 drivers
v0x149686d80_0 .net *"_ivl_582", 3 0, L_0x149696ee0;  1 drivers
v0x149686e30_0 .net *"_ivl_583", 5 0, L_0x149696fc0;  1 drivers
L_0x1500799f0 .functor BUFT 1, C4<00>, C4<0>, C4<0>, C4<0>;
v0x149686ee0_0 .net *"_ivl_586", 1 0, L_0x1500799f0;  1 drivers
L_0x150079a38 .functor BUFT 1, C4<0>, C4<0>, C4<0>, C4<0>;
v0x149686f90_0 .net *"_ivl_589", 0 0, L_0x150079a38;  1 drivers
v0x149687040_0 .net *"_ivl_590", 23 0, L_0x1496970e0;  1 drivers
L_0x150079a80 .functor BUFT 1, C4<000000000000000000>, C4<0>, C4<0>, C4<0>;
v0x1496870f0_0 .net *"_ivl_593", 17 0, L_0x150079a80;  1 drivers
v0x1496871a0_0 .net *"_ivl_594", 23 0, L_0x149697200;  1 drivers
v0x149687250_0 .net *"_ivl_595", 23 0, L_0x149697340;  1 drivers
L_0x150079ac8 .functor BUFT 1, C4<00000000000000000000000000000000>, C4<0>, C4<0>, C4<0>;
v0x149687300_0 .net/2u *"_ivl_597", 31 0, L_0x150079ac8;  1 drivers
v0x1496873b0_0 .net *"_ivl_6", 0 0, L_0x14968c0e0;  1 drivers
v0x149687460_0 .net *"_ivl_601", 18 0, L_0x149697660;  1 drivers
v0x149687510_0 .net *"_ivl_603", 11 0, L_0x149697700;  1 drivers
L_0x150079b10 .functor BUFT 1, C4<00000>, C4<0>, C4<0>, C4<0>;
v0x1496875c0_0 .net *"_ivl_606", 4 0, L_0x150079b10;  1 drivers
v0x149687670_0 .net *"_ivl_607", 13 0, L_0x1496977e0;  1 drivers
L_0x15007a020 .functor BUFT 1, C4<000000000000001>, C4<0>, C4<0>, C4<0>;
v0x149687720_0 .net/2u *"_ivl_61", 14 0, L_0x15007a020;  1 drivers
L_0x150079b58 .functor BUFT 1, C4<00>, C4<0>, C4<0>, C4<0>;
v0x1496877d0_0 .net *"_ivl_610", 1 0, L_0x150079b58;  1 drivers
L_0x150079ba0 .functor BUFT 1, C4<00000000000100>, C4<0>, C4<0>, C4<0>;
v0x149687880_0 .net/2u *"_ivl_611", 13 0, L_0x150079ba0;  1 drivers
v0x149687930_0 .net *"_ivl_614", 13 0, L_0x149697900;  1 drivers
v0x1496879e0_0 .net *"_ivl_615", 3 0, L_0x149697a20;  1 drivers
L_0x150079be8 .functor BUFT 1, C4<00>, C4<0>, C4<0>, C4<0>;
v0x149687a90_0 .net *"_ivl_618", 1 0, L_0x150079be8;  1 drivers
v0x149687b40_0 .net *"_ivl_62", 14 0, L_0x14968d2f0;  1 drivers
L_0x150079c30 .functor BUFT 1, C4<0>, C4<0>, C4<0>, C4<0>;
v0x149687bf0_0 .net *"_ivl_621", 0 0, L_0x150079c30;  1 drivers
v0x149687ca0_0 .net *"_ivl_622", 14 0, L_0x149697b00;  1 drivers
L_0x150079c78 .functor BUFT 1, C4<00000000000>, C4<0>, C4<0>, C4<0>;
v0x149687d50_0 .net *"_ivl_625", 10 0, L_0x150079c78;  1 drivers
v0x149687e00_0 .net *"_ivl_626", 14 0, L_0x149697c40;  1 drivers
v0x149687eb0_0 .net *"_ivl_627", 14 0, L_0x149697d80;  1 drivers
L_0x150079cc0 .functor BUFT 1, C4<000000>, C4<0>, C4<0>, C4<0>;
v0x149687f60_0 .net/2u *"_ivl_629", 5 0, L_0x150079cc0;  1 drivers
v0x149688010_0 .net *"_ivl_633", 31 0, L_0x149698060;  1 drivers
v0x1496880c0_0 .net *"_ivl_635", 15 0, L_0x149698100;  1 drivers
L_0x150079d08 .functor BUFT 1, C4<000000000>, C4<0>, C4<0>, C4<0>;
v0x149688170_0 .net *"_ivl_638", 8 0, L_0x150079d08;  1 drivers
v0x149688220_0 .net *"_ivl_639", 21 0, L_0x1496981e0;  1 drivers
v0x1496882d0_0 .net *"_ivl_64", 18 0, L_0x14968d3d0;  1 drivers
L_0x150079d50 .functor BUFT 1, C4<000000>, C4<0>, C4<0>, C4<0>;
v0x149688380_0 .net *"_ivl_642", 5 0, L_0x150079d50;  1 drivers
L_0x150079d98 .functor BUFT 1, C4<0000000000000001000000>, C4<0>, C4<0>, C4<0>;
v0x149688430_0 .net/2u *"_ivl_643", 21 0, L_0x150079d98;  1 drivers
v0x1496884e0_0 .net *"_ivl_646", 21 0, L_0x149698300;  1 drivers
v0x149688590_0 .net *"_ivl_647", 8 0, L_0x149698440;  1 drivers
L_0x150079de0 .functor BUFT 1, C4<0000000>, C4<0>, C4<0>, C4<0>;
v0x149688640_0 .net *"_ivl_650", 6 0, L_0x150079de0;  1 drivers
v0x1496886f0_0 .net *"_ivl_651", 12 0, L_0x149698540;  1 drivers
L_0x150079e28 .functor BUFT 1, C4<0000>, C4<0>, C4<0>, C4<0>;
v0x1496887a0_0 .net *"_ivl_654", 3 0, L_0x150079e28;  1 drivers
L_0x150079e70 .functor BUFT 1, C4<0000000010000>, C4<0>, C4<0>, C4<0>;
v0x149688850_0 .net/2u *"_ivl_655", 12 0, L_0x150079e70;  1 drivers
v0x149688900_0 .net *"_ivl_658", 12 0, L_0x149698680;  1 drivers
v0x1496889b0_0 .net *"_ivl_66", 11 0, L_0x14968d510;  1 drivers
L_0x150079eb8 .functor BUFT 1, C4<0>, C4<0>, C4<0>, C4<0>;
v0x149688a60_0 .net *"_ivl_661", 0 0, L_0x150079eb8;  1 drivers
v0x149688b10_0 .net *"_ivl_662", 22 0, L_0x1496987c0;  1 drivers
L_0x150079f00 .functor BUFT 1, C4<0000000000>, C4<0>, C4<0>, C4<0>;
v0x149688bc0_0 .net *"_ivl_665", 9 0, L_0x150079f00;  1 drivers
v0x149688c70_0 .net *"_ivl_666", 22 0, L_0x1496988e0;  1 drivers
v0x149688d20_0 .net *"_ivl_667", 22 0, L_0x149698a20;  1 drivers
v0x149688dd0_0 .net *"_ivl_670", 3 0, L_0x149698b60;  1 drivers
v0x149688e80_0 .net *"_ivl_671", 5 0, L_0x149698c00;  1 drivers
L_0x150079f48 .functor BUFT 1, C4<00>, C4<0>, C4<0>, C4<0>;
v0x149688f30_0 .net *"_ivl_674", 1 0, L_0x150079f48;  1 drivers
L_0x150079f90 .functor BUFT 1, C4<0>, C4<0>, C4<0>, C4<0>;
v0x149688fe0_0 .net *"_ivl_677", 0 0, L_0x150079f90;  1 drivers
v0x149689090_0 .net *"_ivl_678", 23 0, L_0x149698d20;  1 drivers
L_0x150079fd8 .functor BUFT 1, C4<000000000000000000>, C4<0>, C4<0>, C4<0>;
v0x149689140_0 .net *"_ivl_681", 17 0, L_0x150079fd8;  1 drivers
v0x1496891f0_0 .net *"_ivl_682", 23 0, L_0x149698e60;  1 drivers
v0x1496892a0_0 .net *"_ivl_683", 23 0, L_0x149698fa0;  1 drivers
L_0x1500782e0 .functor BUFT 1, C4<00000>, C4<0>, C4<0>, C4<0>;
v0x149689350_0 .net *"_ivl_69", 4 0, L_0x1500782e0;  1 drivers
v0x149689400_0 .net *"_ivl_70", 13 0, L_0x14968d5b0;  1 drivers
L_0x150078328 .functor BUFT 1, C4<00>, C4<0>, C4<0>, C4<0>;
v0x1496894b0_0 .net *"_ivl_73", 1 0, L_0x150078328;  1 drivers
L_0x150078370 .functor BUFT 1, C4<00000000000100>, C4<0>, C4<0>, C4<0>;
v0x149689560_0 .net/2u *"_ivl_74", 13 0, L_0x150078370;  1 drivers
v0x149689610_0 .net *"_ivl_77", 13 0, L_0x14968d470;  1 drivers
v0x1496896c0_0 .net *"_ivl_8", 11 0, L_0x14968c180;  1 drivers
L_0x1500783b8 .functor BUFT 1, C4<0>, C4<0>, C4<0>, C4<0>;
v0x149689770_0 .net *"_ivl_82", 0 0, L_0x1500783b8;  1 drivers
v0x149689820_0 .net *"_ivl_83", 14 0, L_0x14968d820;  1 drivers
L_0x15007a068 .functor BUFT 1, C4<000000000000001>, C4<0>, C4<0>, C4<0>;
v0x1496898d0_0 .net/2u *"_ivl_87", 14 0, L_0x15007a068;  1 drivers
v0x149689980_0 .net *"_ivl_88", 14 0, L_0x14968d690;  1 drivers
v0x149689a30_0 .net *"_ivl_90", 0 0, L_0x14968daa0;  1 drivers
v0x149689ad0_0 .net *"_ivl_93", 0 0, L_0x14968dc50;  1 drivers
v0x149689b70_0 .net *"_ivl_95", 0 0, L_0x14968dcc0;  1 drivers
v0x149689c10_0 .net *"_ivl_96", 0 0, L_0x14968dd70;  1 drivers
v0x149689cc0_0 .net *"_ivl_98", 11 0, L_0x14968de10;  1 drivers
v0x149689d70_0 .net "addr", 31 0, v0x14968b2c0_0;  1 drivers
v0x149689e20_0 .net "cache_write", 0 0, v0x149670e70_0;  alias, 1 drivers
v0x149689ed0_0 .net "clk", 0 0, v0x14968b420_0;  1 drivers
v0x149689f60_0 .net "cpu_read_data", 31 0, L_0x1496974c0;  alias, 1 drivers
v0x14968a000_0 .net "cpu_write_data", 31 0, v0x14968b540_0;  1 drivers
v0x14968a0b0 .array "data_array", 8191 0, 31 0;
v0x14968a150_0 .net "dirty", 0 0, L_0x149695a40;  1 drivers
v0x14968a200 .array "dirty_array", 511 0, 0 0;
v0x14968a290_0 .net "evict_way", 1 0, L_0x149693f20;  1 drivers
v0x14968a320_0 .net "hit", 0 0, v0x14967c340_0;  1 drivers
v0x14968a3f0_0 .net "hit_comb", 0 0, L_0x14968fc70;  1 drivers
v0x14968a480_0 .net "hit_way", 1 0, L_0x149693b20;  1 drivers
v0x14968a510_0 .net "hit_way_reg", 1 0, L_0x149693d00;  1 drivers
v0x14968a5a0_0 .net "index", 6 0, L_0x14968be40;  1 drivers
v0x14968a650 .array "lru", 127 0, 1 0;
v0x14968a6f0_0 .net "mem_addr", 31 0, L_0x149697f00;  alias, 1 drivers
v0x14968a7a0_0 .net "mem_read", 0 0, v0x14967b710_0;  alias, 1 drivers
v0x14968a850_0 .net "mem_read_data", 31 0, v0x14968b770_0;  1 drivers
v0x14968a8f0_0 .net "mem_write", 0 0, v0x14967b7f0_0;  alias, 1 drivers
v0x14968a9a0_0 .net "mem_write_data", 31 0, L_0x149699120;  alias, 1 drivers
v0x14968aa40_0 .net "need_evict", 0 0, L_0x1496960a0;  1 drivers
v0x14968aaf0_0 .net "offset", 5 0, L_0x14968bf20;  1 drivers
v0x14968ab90_0 .net "read_req", 0 0, v0x14968b9a0_0;  1 drivers
v0x14968ac40_0 .net "ready", 0 0, v0x14967baf0_0;  alias, 1 drivers
v0x14968acf0_0 .net "reset", 0 0, v0x14968bb40_0;  1 drivers
v0x14968ad80_0 .net "state_out", 2 0, L_0x149696220;  alias, 1 drivers
v0x14968ae30_0 .net "tag", 18 0, L_0x14968bfc0;  1 drivers
v0x14968aed0 .array "tag_array", 511 0, 18 0;
v0x14968af70_0 .net "update_lru", 0 0, v0x14967bd80_0;  alias, 1 drivers
v0x14968b020 .array "valid_array", 511 0, 0 0;
v0x14968b0b0_0 .net "write_req", 0 0, v0x14968bd70_0;  1 drivers
L_0x14968be40 .part v0x14968b2c0_0, 6, 7;
L_0x14968bf20 .part v0x14968b2c0_0, 0, 6;
L_0x14968bfc0 .part v0x14968b2c0_0, 13, 19;
L_0x14968c0e0 .array/port v0x14968b020, L_0x14968c430;
L_0x14968c180 .concat [ 7 5 0 0], L_0x14968be40, L_0x150078010;
L_0x14968c2f0 .concat [ 12 2 0 0], L_0x14968c180, L_0x150078058;
L_0x14968c430 .arith/mult 14, L_0x14968c2f0, L_0x1500780a0;
L_0x14968c5d0 .array/port v0x14968aed0, L_0x14968c900;
L_0x14968c670 .concat [ 7 5 0 0], L_0x14968be40, L_0x1500780e8;
L_0x14968c780 .concat [ 12 2 0 0], L_0x14968c670, L_0x150078130;
L_0x14968c900 .arith/mult 14, L_0x14968c780, L_0x150078178;
L_0x14968cac0 .cmp/eq 19, L_0x14968c5d0, L_0x14968bfc0;
L_0x14968cc90 .array/port v0x14968b020, L_0x14968d2f0;
L_0x14968cda0 .concat [ 7 5 0 0], L_0x14968be40, L_0x1500781c0;
L_0x14968cec0 .concat [ 12 2 0 0], L_0x14968cda0, L_0x150078208;
L_0x14968d0a0 .arith/mult 14, L_0x14968cec0, L_0x150078250;
L_0x14968d140 .concat [ 14 1 0 0], L_0x14968d0a0, L_0x150078298;
L_0x14968d2f0 .arith/sum 15, L_0x14968d140, L_0x15007a020;
L_0x14968d3d0 .array/port v0x14968aed0, L_0x14968d690;
L_0x14968d510 .concat [ 7 5 0 0], L_0x14968be40, L_0x1500782e0;
L_0x14968d5b0 .concat [ 12 2 0 0], L_0x14968d510, L_0x150078328;
L_0x14968d470 .arith/mult 14, L_0x14968d5b0, L_0x150078370;
L_0x14968d820 .concat [ 14 1 0 0], L_0x14968d470, L_0x1500783b8;
L_0x14968d690 .arith/sum 15, L_0x14968d820, L_0x15007a068;
L_0x14968daa0 .cmp/eq 19, L_0x14968d3d0, L_0x14968bfc0;
L_0x14968dd70 .array/port v0x14968b020, L_0x14968e3e0;
L_0x14968de10 .concat [ 7 5 0 0], L_0x14968be40, L_0x150078400;
L_0x14968db80 .concat [ 12 2 0 0], L_0x14968de10, L_0x150078448;
L_0x14968e1b0 .arith/mult 14, L_0x14968db80, L_0x150078490;
L_0x14968e340 .concat [ 14 1 0 0], L_0x14968e1b0, L_0x1500784d8;
L_0x14968e3e0 .arith/sum 15, L_0x14968e340, L_0x15007a0b0;
L_0x14968e5c0 .array/port v0x14968aed0, L_0x14968ea90;
L_0x14968e250 .concat [ 7 5 0 0], L_0x14968be40, L_0x150078520;
L_0x14968e500 .concat [ 12 2 0 0], L_0x14968e250, L_0x150078568;
L_0x14968e7f0 .arith/mult 14, L_0x14968e500, L_0x1500785b0;
L_0x14968e660 .concat [ 14 1 0 0], L_0x14968e7f0, L_0x1500785f8;
L_0x14968ea90 .arith/sum 15, L_0x14968e660, L_0x15007a0f8;
L_0x14968e930 .cmp/eq 19, L_0x14968e5c0, L_0x14968bfc0;
L_0x14968eee0 .array/port v0x14968b020, L_0x14968f2a0;
L_0x14968ebd0 .concat [ 7 5 0 0], L_0x14968be40, L_0x150078640;
L_0x14968f1c0 .concat [ 12 2 0 0], L_0x14968ebd0, L_0x150078688;
L_0x14968ef80 .arith/mult 14, L_0x14968f1c0, L_0x1500786d0;
L_0x14968f3b0 .concat [ 14 1 0 0], L_0x14968ef80, L_0x150078718;
L_0x14968f2a0 .arith/sum 15, L_0x14968f3b0, L_0x15007a140;
L_0x14968f630 .array/port v0x14968aed0, L_0x14968f960;
L_0x14968f490 .concat [ 7 5 0 0], L_0x14968be40, L_0x150078760;
L_0x14968f840 .concat [ 12 2 0 0], L_0x14968f490, L_0x1500787a8;
L_0x14968f710 .arith/mult 14, L_0x14968f840, L_0x1500787f0;
L_0x14968faa0 .concat [ 14 1 0 0], L_0x14968f710, L_0x150078838;
L_0x14968f960 .arith/sum 15, L_0x14968faa0, L_0x15007a188;
L_0x14968fd10 .cmp/eq 19, L_0x14968f630, L_0x14968bfc0;
L_0x149690090 .array/port v0x14968b020, L_0x14968e0b0;
L_0x149690130 .concat [ 7 5 0 0], L_0x14968be40, L_0x150078880;
L_0x14968fe30 .concat [ 12 2 0 0], L_0x149690130, L_0x1500788c8;
L_0x14968e0b0 .arith/mult 14, L_0x14968fe30, L_0x150078910;
L_0x1496901d0 .array/port v0x14968aed0, L_0x1496908b0;
L_0x149690270 .concat [ 7 5 0 0], L_0x14968be40, L_0x150078958;
L_0x149690790 .concat [ 12 2 0 0], L_0x149690270, L_0x1500789a0;
L_0x1496908b0 .arith/mult 14, L_0x149690790, L_0x1500789e8;
L_0x1496905c0 .cmp/eq 19, L_0x1496901d0, L_0x14968bfc0;
L_0x149690bf0 .array/port v0x14968b020, L_0x149690f00;
L_0x149690a10 .concat [ 7 5 0 0], L_0x14968be40, L_0x150078a78;
L_0x149690b30 .concat [ 12 2 0 0], L_0x149690a10, L_0x150078ac0;
L_0x149690cd0 .arith/mult 14, L_0x149690b30, L_0x150078b08;
L_0x1496910c0 .concat [ 14 1 0 0], L_0x149690cd0, L_0x150078b50;
L_0x149690f00 .arith/sum 15, L_0x1496910c0, L_0x15007a1d0;
L_0x149691370 .array/port v0x14968aed0, L_0x149691450;
L_0x149691160 .concat [ 7 5 0 0], L_0x14968be40, L_0x150078b98;
L_0x149691200 .concat [ 12 2 0 0], L_0x149691160, L_0x150078be0;
L_0x149691640 .arith/mult 14, L_0x149691200, L_0x150078c28;
L_0x149691760 .concat [ 14 1 0 0], L_0x149691640, L_0x150078c70;
L_0x149691450 .arith/sum 15, L_0x149691760, L_0x15007a218;
L_0x149691530 .cmp/eq 19, L_0x149691370, L_0x14968bfc0;
L_0x149691bd0 .array/port v0x14968b020, L_0x149691e70;
L_0x149691c70 .concat [ 7 5 0 0], L_0x14968be40, L_0x150078d00;
L_0x149691880 .concat [ 12 2 0 0], L_0x149691c70, L_0x150078d48;
L_0x1496919c0 .arith/mult 14, L_0x149691880, L_0x150078d90;
L_0x149691d50 .concat [ 14 1 0 0], L_0x1496919c0, L_0x150078dd8;
L_0x149691e70 .arith/sum 15, L_0x149691d50, L_0x15007a260;
L_0x1496922b0 .array/port v0x14968aed0, L_0x149692550;
L_0x149692350 .concat [ 7 5 0 0], L_0x14968be40, L_0x150078e20;
L_0x149692070 .concat [ 12 2 0 0], L_0x149692350, L_0x150078e68;
L_0x1496921b0 .arith/mult 14, L_0x149692070, L_0x150078eb0;
L_0x149692430 .concat [ 14 1 0 0], L_0x1496921b0, L_0x150078ef8;
L_0x149692550 .arith/sum 15, L_0x149692430, L_0x15007a2a8;
L_0x1496929b0 .cmp/eq 19, L_0x1496922b0, L_0x14968bfc0;
L_0x149692c00 .array/port v0x14968b020, L_0x149692dc0;
L_0x149692700 .concat [ 7 5 0 0], L_0x14968be40, L_0x150078f88;
L_0x14968f120 .concat [ 12 2 0 0], L_0x149692700, L_0x150078fd0;
L_0x149692860 .arith/mult 14, L_0x14968f120, L_0x150079018;
L_0x149692ca0 .concat [ 14 1 0 0], L_0x149692860, L_0x150079060;
L_0x149692dc0 .arith/sum 15, L_0x149692ca0, L_0x15007a2f0;
L_0x149693440 .array/port v0x14968aed0, L_0x149693520;
L_0x149693160 .concat [ 7 5 0 0], L_0x14968be40, L_0x1500790a8;
L_0x149693240 .concat [ 12 2 0 0], L_0x149693160, L_0x1500790f0;
L_0x149693360 .arith/mult 14, L_0x149693240, L_0x150079138;
L_0x149693860 .concat [ 14 1 0 0], L_0x149693360, L_0x150079180;
L_0x149693520 .arith/sum 15, L_0x149693860, L_0x15007a338;
L_0x149693600 .cmp/eq 19, L_0x149693440, L_0x14968bfc0;
L_0x149690370 .functor MUXZ 2, L_0x150079210, L_0x1500791c8, L_0x1496936e0, C4<>;
L_0x149690490 .functor MUXZ 2, L_0x149690370, L_0x150078f40, L_0x149692b90, C4<>;
L_0x1496939c0 .functor MUXZ 2, L_0x149690490, L_0x150078cb8, L_0x149691a90, C4<>;
L_0x149693b20 .functor MUXZ 2, L_0x1496939c0, L_0x150078a30, L_0x1496906a0, C4<>;
L_0x149694210 .part L_0x149693b20, 0, 1;
L_0x1496943a0 .part L_0x149693b20, 1, 1;
L_0x149693d00 .concat8 [ 1 1 0 0], v0x14967c900_0, v0x14967ce50_0;
L_0x149693da0 .array/port v0x14968a650, L_0x149693e40;
L_0x149693e40 .concat [ 7 2 0 0], L_0x14968be40, L_0x150079258;
L_0x149694820 .array/port v0x14968b020, L_0x149694b60;
L_0x149694440 .concat [ 7 5 0 0], L_0x14968be40, L_0x1500792a0;
L_0x1496944e0 .concat [ 12 2 0 0], L_0x149694440, L_0x1500792e8;
L_0x149694600 .arith/mult 14, L_0x1496944e0, L_0x150079330;
L_0x149694c40 .concat [ 2 2 0 0], L_0x149693f20, L_0x150079378;
L_0x149694900 .concat [ 14 1 0 0], L_0x149694600, L_0x1500793c0;
L_0x149694a20 .concat [ 4 11 0 0], L_0x149694c40, L_0x150079408;
L_0x149694b60 .arith/sum 15, L_0x149694900, L_0x149694a20;
L_0x149695120 .array/port v0x14968a200, L_0x149695460;
L_0x149694ce0 .concat [ 7 5 0 0], L_0x14968be40, L_0x150079450;
L_0x149694dc0 .concat [ 12 2 0 0], L_0x149694ce0, L_0x150079498;
L_0x149694f00 .arith/mult 14, L_0x149694dc0, L_0x1500794e0;
L_0x149695580 .concat [ 2 2 0 0], L_0x149693f20, L_0x150079528;
L_0x149695200 .concat [ 14 1 0 0], L_0x149694f00, L_0x150079570;
L_0x149695320 .concat [ 4 11 0 0], L_0x149695580, L_0x1500795b8;
L_0x149695460 .arith/sum 15, L_0x149695200, L_0x149695320;
L_0x149695b70 .array/port v0x14968b020, L_0x149695f30;
L_0x149695620 .concat [ 7 5 0 0], L_0x14968be40, L_0x150079600;
L_0x149695700 .concat [ 12 2 0 0], L_0x149695620, L_0x150079648;
L_0x149695820 .arith/mult 14, L_0x149695700, L_0x150079690;
L_0x149695960 .concat [ 2 2 0 0], L_0x149693f20, L_0x1500796d8;
L_0x149695cb0 .concat [ 14 1 0 0], L_0x149695820, L_0x150079720;
L_0x149695df0 .concat [ 4 11 0 0], L_0x149695960, L_0x150079768;
L_0x149695f30 .arith/sum 15, L_0x149695cb0, L_0x149695df0;
L_0x1496963a0 .array/port v0x14968a0b0, L_0x149697340;
L_0x149696440 .concat [ 7 9 0 0], L_0x14968be40, L_0x1500797b0;
L_0x149696520 .concat [ 16 6 0 0], L_0x149696440, L_0x1500797f8;
L_0x149696660 .arith/mult 22, L_0x149696520, L_0x150079840;
L_0x1496967a0 .concat [ 2 7 0 0], L_0x149693d00, L_0x150079888;
L_0x1496968c0 .concat [ 9 4 0 0], L_0x1496967a0, L_0x1500798d0;
L_0x149696a00 .arith/mult 13, L_0x1496968c0, L_0x150079918;
L_0x149696b40 .concat [ 22 1 0 0], L_0x149696660, L_0x150079960;
L_0x149696c60 .concat [ 13 10 0 0], L_0x149696a00, L_0x1500799a8;
L_0x149696da0 .arith/sum 23, L_0x149696b40, L_0x149696c60;
L_0x149696ee0 .part L_0x14968bf20, 2, 4;
L_0x149696fc0 .concat [ 4 2 0 0], L_0x149696ee0, L_0x1500799f0;
L_0x1496970e0 .concat [ 23 1 0 0], L_0x149696da0, L_0x150079a38;
L_0x149697200 .concat [ 6 18 0 0], L_0x149696fc0, L_0x150079a80;
L_0x149697340 .arith/sum 24, L_0x1496970e0, L_0x149697200;
L_0x1496974c0 .functor MUXZ 32, L_0x150079ac8, L_0x1496963a0, L_0x149696290, C4<>;
L_0x149697660 .array/port v0x14968aed0, L_0x149697d80;
L_0x149697700 .concat [ 7 5 0 0], L_0x14968be40, L_0x150079b10;
L_0x1496977e0 .concat [ 12 2 0 0], L_0x149697700, L_0x150079b58;
L_0x149697900 .arith/mult 14, L_0x1496977e0, L_0x150079ba0;
L_0x149697a20 .concat [ 2 2 0 0], L_0x149693f20, L_0x150079be8;
L_0x149697b00 .concat [ 14 1 0 0], L_0x149697900, L_0x150079c30;
L_0x149697c40 .concat [ 4 11 0 0], L_0x149697a20, L_0x150079c78;
L_0x149697d80 .arith/sum 15, L_0x149697b00, L_0x149697c40;
L_0x149697f00 .concat [ 6 7 19 0], L_0x150079cc0, L_0x14968be40, L_0x149697660;
L_0x149698060 .array/port v0x14968a0b0, L_0x149698fa0;
L_0x149698100 .concat [ 7 9 0 0], L_0x14968be40, L_0x150079d08;
L_0x1496981e0 .concat [ 16 6 0 0], L_0x149698100, L_0x150079d50;
L_0x149698300 .arith/mult 22, L_0x1496981e0, L_0x150079d98;
L_0x149698440 .concat [ 2 7 0 0], L_0x149693f20, L_0x150079de0;
L_0x149698540 .concat [ 9 4 0 0], L_0x149698440, L_0x150079e28;
L_0x149698680 .arith/mult 13, L_0x149698540, L_0x150079e70;
L_0x1496987c0 .concat [ 22 1 0 0], L_0x149698300, L_0x150079eb8;
L_0x1496988e0 .concat [ 13 10 0 0], L_0x149698680, L_0x150079f00;
L_0x149698a20 .arith/sum 23, L_0x1496987c0, L_0x1496988e0;
L_0x149698b60 .part L_0x14968bf20, 2, 4;
L_0x149698c00 .concat [ 4 2 0 0], L_0x149698b60, L_0x150079f48;
L_0x149698d20 .concat [ 23 1 0 0], L_0x149698a20, L_0x150079f90;
L_0x149698e60 .concat [ 6 18 0 0], L_0x149698c00, L_0x150079fd8;
L_0x149698fa0 .arith/sum 24, L_0x149698d20, L_0x149698e60;
S_0x14966f0e0 .scope module, "controller_fsm" "fsm" 2 175, 2 1 0, S_0x149641700;
 .timescale 0 0;
    .port_info 0 /INPUT 1 "clk";
    .port_info 1 /INPUT 1 "rst_b";
    .port_info 2 /INPUT 1 "read_req";
    .port_info 3 /INPUT 1 "write_req";
    .port_info 4 /INPUT 1 "hit";
    .port_info 5 /INPUT 1 "dirty";
    .port_info 6 /INPUT 1 "need_evict";
    .port_info 7 /OUTPUT 1 "ready";
    .port_info 8 /OUTPUT 1 "mem_read";
    .port_info 9 /OUTPUT 1 "mem_write";
    .port_info 10 /OUTPUT 1 "cache_write";
    .port_info 11 /OUTPUT 1 "update_lru";
    .port_info 12 /OUTPUT 3 "state_out";
P_0x149635310 .param/l "ALLOC_DATA" 1 2 26, C4<111>;
P_0x149635350 .param/l "CHECK" 1 2 20, C4<001>;
P_0x149635390 .param/l "EVICT" 1 2 25, C4<110>;
P_0x1496353d0 .param/l "IDLE" 1 2 19, C4<000>;
P_0x149635410 .param/l "READ_HIT" 1 2 21, C4<010>;
P_0x149635450 .param/l "READ_MISS" 1 2 22, C4<011>;
P_0x149635490 .param/l "WRITE_HIT" 1 2 23, C4<100>;
P_0x1496354d0 .param/l "WRITE_MISS" 1 2 24, C4<101>;
L_0x149696220 .functor BUFZ 3, v0x14967bc20_0, C4<000>, C4<000>, C4<000>;
v0x149670e70_0 .var "cache_write", 0 0;
v0x14967b520_0 .net "clk", 0 0, v0x14968b420_0;  alias, 1 drivers
v0x14967b5c0_0 .net "dirty", 0 0, L_0x149695a40;  alias, 1 drivers
v0x14967b670_0 .net "hit", 0 0, v0x14967c340_0;  alias, 1 drivers
v0x14967b710_0 .var "mem_read", 0 0;
v0x14967b7f0_0 .var "mem_write", 0 0;
v0x14967b890_0 .net "need_evict", 0 0, L_0x1496960a0;  alias, 1 drivers
v0x14967b930_0 .var "next_state", 2 0;
v0x14967b9e0_0 .net "read_req", 0 0, v0x14968b9a0_0;  alias, 1 drivers
v0x14967baf0_0 .var "ready", 0 0;
v0x14967bb80_0 .net "rst_b", 0 0, L_0x149694780;  1 drivers
v0x14967bc20_0 .var "state", 2 0;
v0x14967bcd0_0 .net "state_out", 2 0, L_0x149696220;  alias, 1 drivers
v0x14967bd80_0 .var "update_lru", 0 0;
v0x14967be20_0 .net "write_req", 0 0, v0x14968bd70_0;  alias, 1 drivers
E_0x149608550/0 .event anyedge, v0x14967bc20_0, v0x14967b670_0, v0x14967b9e0_0, v0x14967be20_0;
E_0x149608550/1 .event anyedge, v0x14967b890_0, v0x14967b5c0_0;
E_0x149608550 .event/or E_0x149608550/0, E_0x149608550/1;
E_0x149608330/0 .event anyedge, v0x14967bc20_0, v0x14967b9e0_0, v0x14967be20_0, v0x14967b670_0;
E_0x149608330/1 .event anyedge, v0x14967b890_0, v0x14967b5c0_0;
E_0x149608330 .event/or E_0x149608330/0, E_0x149608330/1;
E_0x149609d40/0 .event negedge, v0x14967bb80_0;
E_0x149609d40/1 .event posedge, v0x14967b520_0;
E_0x149609d40 .event/or E_0x149609d40/0, E_0x149609d40/1;
S_0x14967c000 .scope module, "dff_hit" "dff_async_reset" 2 166, 2 201 0, S_0x149641700;
 .timescale 0 0;
    .port_info 0 /INPUT 1 "clk";
    .port_info 1 /INPUT 1 "rst_b";
    .port_info 2 /INPUT 1 "d";
    .port_info 3 /OUTPUT 1 "q";
v0x14967c200_0 .net "clk", 0 0, v0x14968b420_0;  alias, 1 drivers
v0x14967c2b0_0 .net "d", 0 0, L_0x14968fc70;  alias, 1 drivers
v0x14967c340_0 .var "q", 0 0;
v0x14967c410_0 .net "rst_b", 0 0, L_0x149694080;  1 drivers
E_0x14967c1c0/0 .event negedge, v0x14967c410_0;
E_0x14967c1c0/1 .event posedge, v0x14967b520_0;
E_0x14967c1c0 .event/or E_0x14967c1c0/0, E_0x14967c1c0/1;
S_0x14967c4f0 .scope module, "dff_way0" "dff_async_reset" 2 167, 2 201 0, S_0x149641700;
 .timescale 0 0;
    .port_info 0 /INPUT 1 "clk";
    .port_info 1 /INPUT 1 "rst_b";
    .port_info 2 /INPUT 1 "d";
    .port_info 3 /OUTPUT 1 "q";
v0x14967c780_0 .net "clk", 0 0, v0x14968b420_0;  alias, 1 drivers
v0x14967c860_0 .net "d", 0 0, L_0x149694210;  1 drivers
v0x14967c900_0 .var "q", 0 0;
v0x14967c990_0 .net "rst_b", 0 0, L_0x149694130;  1 drivers
E_0x14967c730/0 .event negedge, v0x14967c990_0;
E_0x14967c730/1 .event posedge, v0x14967b520_0;
E_0x14967c730 .event/or E_0x14967c730/0, E_0x14967c730/1;
S_0x14967ca90 .scope module, "dff_way1" "dff_async_reset" 2 168, 2 201 0, S_0x149641700;
 .timescale 0 0;
    .port_info 0 /INPUT 1 "clk";
    .port_info 1 /INPUT 1 "rst_b";
    .port_info 2 /INPUT 1 "d";
    .port_info 3 /OUTPUT 1 "q";
v0x14967cd10_0 .net "clk", 0 0, v0x14968b420_0;  alias, 1 drivers
v0x14967cdb0_0 .net "d", 0 0, L_0x1496943a0;  1 drivers
v0x14967ce50_0 .var "q", 0 0;
v0x14967cf00_0 .net "rst_b", 0 0, L_0x1496942b0;  1 drivers
E_0x14967ccb0/0 .event negedge, v0x14967cf00_0;
E_0x14967ccb0/1 .event posedge, v0x14967b520_0;
E_0x14967ccb0 .event/or E_0x14967ccb0/0, E_0x14967ccb0/1;
    .scope S_0x14967c000;
T_0 ;
    %wait E_0x14967c1c0;
    %load/vec4 v0x14967c410_0;
    %nor/r;
    %flag_set/vec4 8;
    %jmp/0xz  T_0.0, 8;
    %pushi/vec4 0, 0, 1;
    %assign/vec4 v0x14967c340_0, 0;
    %jmp T_0.1;
T_0.0 ;
    %load/vec4 v0x14967c2b0_0;
    %assign/vec4 v0x14967c340_0, 0;
T_0.1 ;
    %jmp T_0;
    .thread T_0;
    .scope S_0x14967c4f0;
T_1 ;
    %wait E_0x14967c730;
    %load/vec4 v0x14967c990_0;
    %nor/r;
    %flag_set/vec4 8;
    %jmp/0xz  T_1.0, 8;
    %pushi/vec4 0, 0, 1;
    %assign/vec4 v0x14967c900_0, 0;
    %jmp T_1.1;
T_1.0 ;
    %load/vec4 v0x14967c860_0;
    %assign/vec4 v0x14967c900_0, 0;
T_1.1 ;
    %jmp T_1;
    .thread T_1;
    .scope S_0x14967ca90;
T_2 ;
    %wait E_0x14967ccb0;
    %load/vec4 v0x14967cf00_0;
    %nor/r;
    %flag_set/vec4 8;
    %jmp/0xz  T_2.0, 8;
    %pushi/vec4 0, 0, 1;
    %assign/vec4 v0x14967ce50_0, 0;
    %jmp T_2.1;
T_2.0 ;
    %load/vec4 v0x14967cdb0_0;
    %assign/vec4 v0x14967ce50_0, 0;
T_2.1 ;
    %jmp T_2;
    .thread T_2;
    .scope S_0x14966f0e0;
T_3 ;
    %wait E_0x149609d40;
    %load/vec4 v0x14967bb80_0;
    %nor/r;
    %flag_set/vec4 8;
    %jmp/0xz  T_3.0, 8;
    %pushi/vec4 0, 0, 3;
    %assign/vec4 v0x14967bc20_0, 0;
    %jmp T_3.1;
T_3.0 ;
    %load/vec4 v0x14967b930_0;
    %assign/vec4 v0x14967bc20_0, 0;
T_3.1 ;
    %jmp T_3;
    .thread T_3;
    .scope S_0x14966f0e0;
T_4 ;
    %wait E_0x149608330;
    %load/vec4 v0x14967bc20_0;
    %store/vec4 v0x14967b930_0, 0, 3;
    %load/vec4 v0x14967bc20_0;
    %dup/vec4;
    %pushi/vec4 0, 0, 3;
    %cmp/u;
    %jmp/1 T_4.0, 6;
    %dup/vec4;
    %pushi/vec4 1, 0, 3;
    %cmp/u;
    %jmp/1 T_4.1, 6;
    %dup/vec4;
    %pushi/vec4 2, 0, 3;
    %cmp/u;
    %jmp/1 T_4.2, 6;
    %dup/vec4;
    %pushi/vec4 4, 0, 3;
    %cmp/u;
    %jmp/1 T_4.3, 6;
    %dup/vec4;
    %pushi/vec4 3, 0, 3;
    %cmp/u;
    %jmp/1 T_4.4, 6;
    %dup/vec4;
    %pushi/vec4 5, 0, 3;
    %cmp/u;
    %jmp/1 T_4.5, 6;
    %dup/vec4;
    %pushi/vec4 6, 0, 3;
    %cmp/u;
    %jmp/1 T_4.6, 6;
    %dup/vec4;
    %pushi/vec4 7, 0, 3;
    %cmp/u;
    %jmp/1 T_4.7, 6;
    %jmp T_4.8;
T_4.0 ;
    %load/vec4 v0x14967b9e0_0;
    %flag_set/vec4 8;
    %jmp/1 T_4.11, 8;
    %load/vec4 v0x14967be20_0;
    %flag_set/vec4 9;
    %flag_or 8, 9;
T_4.11;
    %jmp/0xz  T_4.9, 8;
    %pushi/vec4 1, 0, 3;
    %store/vec4 v0x14967b930_0, 0, 3;
T_4.9 ;
    %jmp T_4.8;
T_4.1 ;
    %load/vec4 v0x14967b670_0;
    %flag_set/vec4 8;
    %jmp/0xz  T_4.12, 8;
    %load/vec4 v0x14967b9e0_0;
    %flag_set/vec4 8;
    %jmp/0xz  T_4.14, 8;
    %pushi/vec4 2, 0, 3;
    %store/vec4 v0x14967b930_0, 0, 3;
    %jmp T_4.15;
T_4.14 ;
    %load/vec4 v0x14967be20_0;
    %flag_set/vec4 8;
    %jmp/0xz  T_4.16, 8;
    %pushi/vec4 4, 0, 3;
    %store/vec4 v0x14967b930_0, 0, 3;
T_4.16 ;
T_4.15 ;
    %jmp T_4.13;
T_4.12 ;
    %load/vec4 v0x14967b9e0_0;
    %flag_set/vec4 8;
    %jmp/0xz  T_4.18, 8;
    %pushi/vec4 3, 0, 3;
    %store/vec4 v0x14967b930_0, 0, 3;
    %jmp T_4.19;
T_4.18 ;
    %load/vec4 v0x14967be20_0;
    %flag_set/vec4 8;
    %jmp/0xz  T_4.20, 8;
    %pushi/vec4 5, 0, 3;
    %store/vec4 v0x14967b930_0, 0, 3;
T_4.20 ;
T_4.19 ;
T_4.13 ;
    %jmp T_4.8;
T_4.2 ;
    %pushi/vec4 0, 0, 3;
    %store/vec4 v0x14967b930_0, 0, 3;
    %jmp T_4.8;
T_4.3 ;
    %pushi/vec4 0, 0, 3;
    %store/vec4 v0x14967b930_0, 0, 3;
    %jmp T_4.8;
T_4.4 ;
    %load/vec4 v0x14967b890_0;
    %flag_set/vec4 9;
    %flag_get/vec4 9;
    %jmp/0 T_4.24, 9;
    %load/vec4 v0x14967b5c0_0;
    %and;
T_4.24;
    %flag_set/vec4 8;
    %jmp/0xz  T_4.22, 8;
    %pushi/vec4 6, 0, 3;
    %store/vec4 v0x14967b930_0, 0, 3;
    %jmp T_4.23;
T_4.22 ;
    %pushi/vec4 7, 0, 3;
    %store/vec4 v0x14967b930_0, 0, 3;
T_4.23 ;
    %jmp T_4.8;
T_4.5 ;
    %load/vec4 v0x14967b890_0;
    %flag_set/vec4 9;
    %flag_get/vec4 9;
    %jmp/0 T_4.27, 9;
    %load/vec4 v0x14967b5c0_0;
    %and;
T_4.27;
    %flag_set/vec4 8;
    %jmp/0xz  T_4.25, 8;
    %pushi/vec4 6, 0, 3;
    %store/vec4 v0x14967b930_0, 0, 3;
    %jmp T_4.26;
T_4.25 ;
    %pushi/vec4 7, 0, 3;
    %store/vec4 v0x14967b930_0, 0, 3;
T_4.26 ;
    %jmp T_4.8;
T_4.6 ;
    %pushi/vec4 7, 0, 3;
    %store/vec4 v0x14967b930_0, 0, 3;
    %jmp T_4.8;
T_4.7 ;
    %pushi/vec4 0, 0, 3;
    %store/vec4 v0x14967b930_0, 0, 3;
    %jmp T_4.8;
T_4.8 ;
    %pop/vec4 1;
    %jmp T_4;
    .thread T_4, $push;
    .scope S_0x14966f0e0;
T_5 ;
    %wait E_0x149608550;
    %pushi/vec4 0, 0, 1;
    %store/vec4 v0x14967baf0_0, 0, 1;
    %pushi/vec4 0, 0, 1;
    %store/vec4 v0x14967b710_0, 0, 1;
    %pushi/vec4 0, 0, 1;
    %store/vec4 v0x14967b7f0_0, 0, 1;
    %pushi/vec4 0, 0, 1;
    %store/vec4 v0x149670e70_0, 0, 1;
    %pushi/vec4 0, 0, 1;
    %store/vec4 v0x14967bd80_0, 0, 1;
    %load/vec4 v0x14967bc20_0;
    %dup/vec4;
    %pushi/vec4 0, 0, 3;
    %cmp/u;
    %jmp/1 T_5.0, 6;
    %dup/vec4;
    %pushi/vec4 1, 0, 3;
    %cmp/u;
    %jmp/1 T_5.1, 6;
    %dup/vec4;
    %pushi/vec4 2, 0, 3;
    %cmp/u;
    %jmp/1 T_5.2, 6;
    %dup/vec4;
    %pushi/vec4 4, 0, 3;
    %cmp/u;
    %jmp/1 T_5.3, 6;
    %dup/vec4;
    %pushi/vec4 3, 0, 3;
    %cmp/u;
    %jmp/1 T_5.4, 6;
    %dup/vec4;
    %pushi/vec4 5, 0, 3;
    %cmp/u;
    %jmp/1 T_5.5, 6;
    %dup/vec4;
    %pushi/vec4 6, 0, 3;
    %cmp/u;
    %jmp/1 T_5.6, 6;
    %dup/vec4;
    %pushi/vec4 7, 0, 3;
    %cmp/u;
    %jmp/1 T_5.7, 6;
    %jmp T_5.8;
T_5.0 ;
    %pushi/vec4 1, 0, 1;
    %store/vec4 v0x14967baf0_0, 0, 1;
    %jmp T_5.8;
T_5.1 ;
    %load/vec4 v0x14967b670_0;
    %flag_set/vec4 9;
    %flag_get/vec4 9;
    %jmp/0 T_5.11, 9;
    %load/vec4 v0x14967b9e0_0;
    %and;
T_5.11;
    %flag_set/vec4 8;
    %jmp/0xz  T_5.9, 8;
    %pushi/vec4 1, 0, 1;
    %store/vec4 v0x14967bd80_0, 0, 1;
    %jmp T_5.10;
T_5.9 ;
    %load/vec4 v0x14967b670_0;
    %flag_set/vec4 9;
    %flag_get/vec4 9;
    %jmp/0 T_5.14, 9;
    %load/vec4 v0x14967be20_0;
    %and;
T_5.14;
    %flag_set/vec4 8;
    %jmp/0xz  T_5.12, 8;
    %pushi/vec4 1, 0, 1;
    %store/vec4 v0x14967bd80_0, 0, 1;
    %pushi/vec4 1, 0, 1;
    %store/vec4 v0x149670e70_0, 0, 1;
T_5.12 ;
T_5.10 ;
    %jmp T_5.8;
T_5.2 ;
    %pushi/vec4 1, 0, 1;
    %store/vec4 v0x14967baf0_0, 0, 1;
    %jmp T_5.8;
T_5.3 ;
    %pushi/vec4 1, 0, 1;
    %store/vec4 v0x149670e70_0, 0, 1;
    %pushi/vec4 1, 0, 1;
    %store/vec4 v0x14967baf0_0, 0, 1;
    %jmp T_5.8;
T_5.4 ;
    %load/vec4 v0x14967b890_0;
    %inv;
    %flag_set/vec4 8;
    %jmp/1 T_5.17, 8;
    %load/vec4 v0x14967b5c0_0;
    %inv;
    %flag_set/vec4 9;
    %flag_or 8, 9;
T_5.17;
    %jmp/0xz  T_5.15, 8;
    %pushi/vec4 1, 0, 1;
    %store/vec4 v0x14967b710_0, 0, 1;
T_5.15 ;
    %jmp T_5.8;
T_5.5 ;
    %load/vec4 v0x14967b890_0;
    %inv;
    %flag_set/vec4 8;
    %jmp/1 T_5.20, 8;
    %load/vec4 v0x14967b5c0_0;
    %inv;
    %flag_set/vec4 9;
    %flag_or 8, 9;
T_5.20;
    %jmp/0xz  T_5.18, 8;
    %pushi/vec4 1, 0, 1;
    %store/vec4 v0x14967b710_0, 0, 1;
    %pushi/vec4 1, 0, 1;
    %store/vec4 v0x149670e70_0, 0, 1;
T_5.18 ;
    %jmp T_5.8;
T_5.6 ;
    %pushi/vec4 1, 0, 1;
    %store/vec4 v0x14967b7f0_0, 0, 1;
    %jmp T_5.8;
T_5.7 ;
    %pushi/vec4 1, 0, 1;
    %store/vec4 v0x14967b710_0, 0, 1;
    %load/vec4 v0x14967be20_0;
    %flag_set/vec4 8;
    %jmp/0xz  T_5.21, 8;
    %pushi/vec4 1, 0, 1;
    %store/vec4 v0x149670e70_0, 0, 1;
T_5.21 ;
    %pushi/vec4 1, 0, 1;
    %store/vec4 v0x14967bd80_0, 0, 1;
    %pushi/vec4 1, 0, 1;
    %store/vec4 v0x14967baf0_0, 0, 1;
    %jmp T_5.8;
T_5.8 ;
    %pop/vec4 1;
    %jmp T_5;
    .thread T_5, $push;
    .scope S_0x149660240;
T_6 ;
    %pushi/vec4 0, 0, 1;
    %store/vec4 v0x14968b420_0, 0, 1;
    %end;
    .thread T_6;
    .scope S_0x149660240;
T_7 ;
    %delay 5, 0;
    %load/vec4 v0x14968b420_0;
    %inv;
    %store/vec4 v0x14968b420_0, 0, 1;
    %jmp T_7;
    .thread T_7;
    .scope S_0x149660240;
T_8 ;
    %vpi_call 2 261 "$monitor", "[%0t] state=%b ready=%b read_req=%b write_req=%b addr=%h read_data=%h write_data=%h mem_read=%b mem_write=%b cache_write=%b update_lru=%b", $time, v0x14968bbd0_0, v0x14968ba70_0, v0x14968b9a0_0, v0x14968bd70_0, v0x14968b2c0_0, v0x14968b4b0_0, v0x14968b540_0, v0x14968b6a0_0, v0x14968b800_0, v0x14968b390_0, v0x14968bca0_0 {0 0 0};
    %end;
    .thread T_8;
    .scope S_0x149660240;
T_9 ;
    %pushi/vec4 1, 0, 1;
    %store/vec4 v0x14968bb40_0, 0, 1;
    %pushi/vec4 0, 0, 1;
    %store/vec4 v0x14968b9a0_0, 0, 1;
    %pushi/vec4 0, 0, 1;
    %store/vec4 v0x14968bd70_0, 0, 1;
    %pushi/vec4 0, 0, 32;
    %store/vec4 v0x14968b2c0_0, 0, 32;
    %pushi/vec4 0, 0, 32;
    %store/vec4 v0x14968b540_0, 0, 32;
    %pushi/vec4 3735928559, 0, 32;
    %store/vec4 v0x14968b770_0, 0, 32;
    %delay 15, 0;
    %pushi/vec4 0, 0, 1;
    %store/vec4 v0x14968bb40_0, 0, 1;
T_9.0 ;
    %load/vec4 v0x14968ba70_0;
    %cmpi/ne 1, 0, 1;
    %jmp/0xz T_9.1, 6;
    %wait E_0x14961f3e0;
    %jmp T_9.0;
T_9.1 ;
    %wait E_0x14962c7a0;
    %pushi/vec4 64, 0, 32;
    %store/vec4 v0x14968b2c0_0, 0, 32;
    %pushi/vec4 305419896, 0, 32;
    %store/vec4 v0x14968b540_0, 0, 32;
    %pushi/vec4 1, 0, 1;
    %store/vec4 v0x14968bd70_0, 0, 1;
T_9.2 ;
    %load/vec4 v0x14968ba70_0;
    %cmpi/ne 1, 0, 1;
    %jmp/0xz T_9.3, 6;
    %wait E_0x14961f3e0;
    %jmp T_9.2;
T_9.3 ;
    %wait E_0x14962c7a0;
    %pushi/vec4 0, 0, 1;
    %store/vec4 v0x14968bd70_0, 0, 1;
    %delay 20, 0;
T_9.4 ;
    %load/vec4 v0x14968ba70_0;
    %cmpi/ne 1, 0, 1;
    %jmp/0xz T_9.5, 6;
    %wait E_0x14961f3e0;
    %jmp T_9.4;
T_9.5 ;
    %wait E_0x14962c7a0;
    %pushi/vec4 64, 0, 32;
    %store/vec4 v0x14968b2c0_0, 0, 32;
    %pushi/vec4 1, 0, 1;
    %store/vec4 v0x14968b9a0_0, 0, 1;
T_9.6 ;
    %load/vec4 v0x14968ba70_0;
    %cmpi/ne 1, 0, 1;
    %jmp/0xz T_9.7, 6;
    %wait E_0x14961f3e0;
    %jmp T_9.6;
T_9.7 ;
    %wait E_0x14962c7a0;
    %pushi/vec4 0, 0, 1;
    %store/vec4 v0x14968b9a0_0, 0, 1;
    %delay 30, 0;
T_9.8 ;
    %load/vec4 v0x14968ba70_0;
    %cmpi/ne 1, 0, 1;
    %jmp/0xz T_9.9, 6;
    %wait E_0x14961f3e0;
    %jmp T_9.8;
T_9.9 ;
    %wait E_0x14962c7a0;
    %pushi/vec4 4096, 0, 32;
    %store/vec4 v0x14968b2c0_0, 0, 32;
    %pushi/vec4 1, 0, 1;
    %store/vec4 v0x14968b9a0_0, 0, 1;
T_9.10 ;
    %load/vec4 v0x14968ba70_0;
    %cmpi/ne 1, 0, 1;
    %jmp/0xz T_9.11, 6;
    %wait E_0x14961f3e0;
    %jmp T_9.10;
T_9.11 ;
    %wait E_0x14962c7a0;
    %pushi/vec4 0, 0, 1;
    %store/vec4 v0x14968b9a0_0, 0, 1;
    %delay 100, 0;
    %vpi_call 2 311 "$finish" {0 0 0};
    %end;
    .thread T_9;
# The file index is used to find the file name in the following table.
:file_names 3;
    "N/A";
    "<interactive>";
    "fsm.v";
